Log file open, 09/23/16 15:00:15
LogInit:Display: Running engine for game: SurvivalGame
LogPlatformFile: Not using cached read wrapper
LogInit:Display: RandInit(1407798679) SRandInit(1407798682).
LogTaskGraph: Started task graph with 4 named threads and 7 total threads with 1 sets of task threads.
LogStats: Stats thread started at 0.109218
LogInit: Version: 4.12.5-3039270+++UE4+Release-4.12
LogInit: API Version: 2992821
LogInit: Net Version: 3039270
LogDevObjectVersion: Number of dev versions registered: 13
LogDevObjectVersion:   Dev-Blueprints (B0D832E4-1F89-4F0D-ACCF-7EB736FD4AA2): 3
LogDevObjectVersion:   Dev-Build (E1C64328-A22C-4D53-A36C-8E866417BD8C): 0
LogDevObjectVersion:   Dev-Core (375EC13C-06E4-48FB-B500-84F0262A717E): 1
LogDevObjectVersion:   Dev-Editor (E4B068ED-F494-42E9-A231-DA0B2E46BB41): 2
LogDevObjectVersion:   Dev-Framework (CFFC743F-43B0-4480-9391-14DF171D2073): 6
LogDevObjectVersion:   Dev-Mobile (B02B49B5-BB20-44E9-A304-32B752E40360): 0
LogDevObjectVersion:   Dev-Networking (A4E4105C-59A1-49B5-A7C5-40C4547EDFEE): 0
LogDevObjectVersion:   Dev-Online (39C831C9-5AE6-47DC-9A44-9C173E1C8E7C): 0
LogDevObjectVersion:   Dev-Physics (78F01B33-EBEA-4F98-B9B4-84EACCB95AA2): 0
LogDevObjectVersion:   Dev-Platform (6631380F-2D4D-43E0-8009-CF276956A95A): 0
LogDevObjectVersion:   Dev-Rendering (12F88B9F-8875-4AFC-A67C-D90C383ABD29): 2
LogDevObjectVersion:   Dev-Sequencer (7B5AE74C-D270-4C10-A958-57980B212A5A): 0
LogDevObjectVersion:   Dev-VR (D7296918-1DD6-4BDD-9DE2-64A83CC13884): 0
LogInit: Compiled (64-bit): Jul  6 2016 09:09:46
LogInit: Compiled with Visual C++: 19.00.23026.00
LogInit: Build Configuration: Development
LogInit: Branch Name: ++UE4+Release-4.12
LogInit: Command line: -EpicPortal 
LogInit: Base directory: F:/Epic Games/4.12/Engine/Binaries/Win64/
LogInit: Installed Engine Build: 1
LogInit: Using libcurl 7.41.0
LogInit:  - built for x86_64-pc-win32
LogInit:  - supports SSL with WinSSL
LogInit:  - other features:
LogInit:      CURL_VERSION_SSL
LogInit:      CURL_VERSION_IPV6
LogInit:      CURL_VERSION_ASYNCHDNS
LogInit:      CURL_VERSION_LARGEFILE
LogInit:      CURL_VERSION_IDN
LogInit:  CurlRequestOptions (configurable via config and command line):
LogInit:  - bVerifyPeer = true  - Libcurl will verify peer certificate
LogInit:  - bUseHttpProxy = false  - Libcurl will NOT use HTTP proxy
LogInit:  - bDontReuseConnections = false  - Libcurl will reuse connections
LogInit:  - CertBundlePath = nullptr  - Libcurl will use whatever was configured at build time.
LogInit: Presizing for max 8388607 objects, including 0 objects not considered by GC, pre-allocating 0 bytes for permanent pool.
LogInit: Object subsystem initialized
[2016.09.23-19.00.15:394][  0]LogInit: Selected Device Profile: [Windows]
[2016.09.23-19.00.15:394][  0]LogInit: Applying CVar settings loaded from the selected device profile: [Windows]
[2016.09.23-19.00.15:459][  0]LogInit: Computer: ZEESHAN-PC
[2016.09.23-19.00.15:459][  0]LogInit: User: fullsail
[2016.09.23-19.00.15:459][  0]LogInit: CPU Page size=65536, Cores=4
[2016.09.23-19.00.15:459][  0]LogInit: High frequency timer resolution =2.338486 MHz
[2016.09.23-19.00.15:460][  0]LogMemory: Memory total: Physical=11.9GB (12GB approx)
[2016.09.23-19.00.15:460][  0]LogMemory: Platform Memory Stats for Windows
[2016.09.23-19.00.15:460][  0]LogMemory: Process Physical Memory: 191.75 MB used, 191.75 MB peak
[2016.09.23-19.00.15:460][  0]LogMemory: Process Virtual Memory: 196.93 MB used, 196.93 MB peak
[2016.09.23-19.00.15:460][  0]LogMemory: Physical Memory: 5007.56 MB used, 12219.55 MB total
[2016.09.23-19.00.15:460][  0]LogMemory: Virtual Memory: 519.33 MB used, 8388608.00 MB total
[2016.09.23-19.00.15:526][  0]LogTextLocalizationManager: No specific translations for ('en-US') exist, so ('en') translations will be used.
[2016.09.23-19.00.16:376][  0]LogD3D11RHI: D3D11 adapters:
[2016.09.23-19.00.16:461][  0]LogD3D11RHI:    0. 'AMD FirePro M4000' (Feature Level 11_0)
[2016.09.23-19.00.16:461][  0]LogD3D11RHI:       999/0/5853 MB DedicatedVideo/DedicatedSystem/SharedSystem, Outputs:1, VendorId:0x1002
[2016.09.23-19.00.16:461][  0]LogD3D11RHI: Chosen D3D11 Adapter: 0
[2016.09.23-19.00.16:475][  0]LogD3D11RHI: Creating new Direct3DDevice
[2016.09.23-19.00.16:475][  0]LogD3D11RHI:     GPU DeviceId: 0x682d (for the marketing name, search the web for "GPU Device Id")
[2016.09.23-19.00.16:475][  0]LogWindows: EnumDisplayDevices:
[2016.09.23-19.00.16:476][  0]LogWindows:    0. 'AMD FirePro M4000' (P:1 D:1)
[2016.09.23-19.00.16:476][  0]LogWindows:    1. 'AMD FirePro M4000' (P:0 D:0)
[2016.09.23-19.00.16:477][  0]LogWindows:    2. 'AMD FirePro M4000' (P:0 D:0)
[2016.09.23-19.00.16:478][  0]LogWindows:    3. 'AMD FirePro M4000' (P:0 D:0)
[2016.09.23-19.00.16:479][  0]LogWindows:    4. 'AMD FirePro M4000' (P:0 D:0)
[2016.09.23-19.00.16:479][  0]LogWindows:    5. 'AMD FirePro M4000' (P:0 D:0)
[2016.09.23-19.00.16:480][  0]LogWindows:    6. 'RDPDD Chained DD' (P:0 D:0)
[2016.09.23-19.00.16:480][  0]LogWindows:    7. 'RDP Encoder Mirror Driver' (P:0 D:0)
[2016.09.23-19.00.16:480][  0]LogWindows:    8. 'RDP Reflector Display Driver' (P:0 D:0)
[2016.09.23-19.00.16:480][  0]LogWindows: DebugString: GetVideoDriverDetailsInvalid PrimaryIsNotTheChoosenAdapter GetVideoDriverDetailsInvalid PrimaryIsNotTheChoosenAdapter GetVideoDriverDetailsInvalid PrimaryIsNotTheChoosenAdapter FoundDriverCount:6 
[2016.09.23-19.00.16:481][  0]LogD3D11RHI:     Adapter Name: AMD FirePro M4000
[2016.09.23-19.00.16:481][  0]LogD3D11RHI:   Driver Version: 8.951.6.2300 (internal:8.951.6.2300, unified:8.951.6.2300)
[2016.09.23-19.00.16:481][  0]LogD3D11RHI:      Driver Date: 10-22-2012
[2016.09.23-19.00.16:481][  0]LogRHI: Texture pool is 699 MB (70% of 999 MB)
[2016.09.23-19.00.16:524][  0]LogD3D11RHI: Async texture creation disabled: no driver support
[2016.09.23-19.00.16:543][  0]LogD3D11RHI: GPU Timing Frequency: 27.000000 (Debug: 2 1)
[2016.09.23-19.13.31:722][  0]LogShaderCompilers: Guid format shader working directory is 1 characters bigger than the processId version (../../../../../Projects/Horror/SurvivalGame 4.12/Intermediate/Shaders/WorkingDirectory/7700/).
[2016.09.23-19.13.31:722][  0]LogShaderCompilers: Cleaned the shader compiler working directory 'C:/Users/fullsail/AppData/Local/Temp/UnrealShaderWorkingDir/6D7B2CE14409B7DCEAE520A8762295F2/'.
[2016.09.23-19.13.31:722][  0]LogShaderCompilers:Display: Using Local Shader Compiler.
[2016.09.23-19.13.32:907][  0]LogTemp:Display: Loaded TP AllDesktopTargetPlatform
[2016.09.23-19.13.32:920][  0]LogTemp:Display: Loaded TP WindowsClientTargetPlatform
[2016.09.23-19.13.32:933][  0]LogTemp:Display: Loaded TP WindowsNoEditorTargetPlatform
[2016.09.23-19.13.32:946][  0]LogTemp:Display: Loaded TP WindowsServerTargetPlatform
[2016.09.23-19.13.32:959][  0]LogTemp:Display: Loaded TP WindowsTargetPlatform
[2016.09.23-19.13.32:970][  0]LogTemp:Display: Loaded TP AndroidTargetPlatform
[2016.09.23-19.13.32:982][  0]LogTemp:Display: Loaded TP Android_ASTCTargetPlatform
[2016.09.23-19.13.32:993][  0]LogTemp:Display: Loaded TP Android_ATCTargetPlatform
[2016.09.23-19.13.33:004][  0]LogTemp:Display: Loaded TP Android_DXTTargetPlatform
[2016.09.23-19.13.33:016][  0]LogTemp:Display: Loaded TP Android_ETC1TargetPlatform
[2016.09.23-19.13.33:027][  0]LogTemp:Display: Loaded TP Android_ETC2TargetPlatform
[2016.09.23-19.13.33:049][  0]LogTemp:Display: Loaded TP Android_MultiTargetPlatform
[2016.09.23-19.13.33:050][  0]LogTemp:Display: Loaded TP Android_PVRTCTargetPlatform
[2016.09.23-19.13.33:050][  0]LogTemp:Display: Loaded TP HTML5TargetPlatform
[2016.09.23-19.13.33:075][  0]LogTemp:Display: Loaded TP IOSTargetPlatform
[2016.09.23-19.13.33:086][  0]LogTemp:Display: Loaded TP TVOSTargetPlatform
[2016.09.23-19.13.33:097][  0]LogTemp:Display: Loaded TP LinuxNoEditorTargetPlatform
[2016.09.23-19.13.33:108][  0]LogTemp:Display: Loaded TP LinuxServerTargetPlatform
[2016.09.23-19.13.33:120][  0]LogTemp:Display: Loaded TP LinuxTargetPlatform
[2016.09.23-19.13.33:120][  0]LogTargetPlatformManager:Display: Building Assets For Windows
[2016.09.23-19.13.33:202][  0]LogDerivedDataCache:Display: Max Cache Size: 512 MB
[2016.09.23-19.13.33:261][  0]LogDerivedDataCache: Loaded boot cache 0.06s 48MB C:/Users/fullsail/AppData/Local/UnrealEngine/4.12/DerivedDataCache/Boot.ddc.
[2016.09.23-19.13.33:261][  0]LogDerivedDataCache:Display: Loaded Boot cache: C:/Users/fullsail/AppData/Local/UnrealEngine/4.12/DerivedDataCache/Boot.ddc
[2016.09.23-19.13.33:262][  0]LogDerivedDataCache: FDerivedDataBackendGraph:  Pak pak cache file ../../../../../Projects/Horror/SurvivalGame 4.12/DerivedDataCache/DDC.ddp not found, will not use a pak cache.
[2016.09.23-19.13.33:262][  0]LogDerivedDataCache: Unable to find inner node Pak for hierarchical cache Hierarchy.
[2016.09.23-19.13.33:262][  0]LogDerivedDataCache: FDerivedDataBackendGraph:  CompressedPak pak cache file ../../../../../Projects/Horror/SurvivalGame 4.12/DerivedDataCache/Compressed.ddp not found, will not use a pak cache.
[2016.09.23-19.13.33:262][  0]LogDerivedDataCache: Unable to find inner node CompressedPak for hierarchical cache Hierarchy.
[2016.09.23-19.13.33:286][  0]LogDerivedDataCache:Display: Pak cache opened for reading ../../../Engine/DerivedDataCache/Compressed.ddp.
[2016.09.23-19.13.33:298][  0]LogDerivedDataCache: Using Local data cache path C:/Users/fullsail/AppData/Local/UnrealEngine/Common/DerivedDataCache: Writable
[2016.09.23-19.13.33:556][  0]LogInit: Selected Device Profile: [Windows]
[2016.09.23-19.13.33:557][  0]LogContentStreaming: Texture pool size is 0.00 MB
[2016.09.23-19.13.34:088][  0]LogMeshUtilities: No automatic mesh reduction module available
[2016.09.23-19.13.34:088][  0]LogMeshUtilities: No automatic mesh merging module available
[2016.09.23-19.13.34:088][  0]LogMeshUtilities: No distributed automatic mesh merging module available
[2016.09.23-19.13.34:432][  0]LogAssetRegistry: FAssetRegistry took 0.0198 seconds to start up
[2016.09.23-19.13.34:479][  0]LogPackageLocalizationCache: Processed 3 localized package path(s) for 2 prioritized culture(s) in 0.044291 seconds
[2016.09.23-19.13.34:485][  0]LogUObjectArray: 28739 objects as part of root set at end of initial load.
[2016.09.23-19.13.34:485][  0]LogUObjectAllocator: 5855624 out of 0 bytes used by permanent object pool.
[2016.09.23-19.13.34:485][  0]LogUObjectArray: CloseDisregardForGC: 0/0 objects in disregard for GC pool
[2016.09.23-19.13.34:492][  0]LogInit: WinSock: version 1.1 (2.2), MaxSocks=32767, MaxUdp=65467
[2016.09.23-19.13.34:710][  0]LogSlate: SlateFontCache - WITH_FREETYPE: 1, WITH_HARFBUZZ: 1
[2016.09.23-19.13.34:710][  0]LogSlate: SlateFontCache - WITH_FREETYPE: 1, WITH_HARFBUZZ: 1
[2016.09.23-19.13.35:579][  0]LogUdpMessaging: Initializing bridge on interface 0.0.0.0:0 to multicast group 230.0.0.1:6666.
[2016.09.23-19.13.35:850][  0]SourceControl: Info Source control is disabled
[2016.09.23-19.13.35:859][  0]SourceControl: Info Source control is disabled
[2016.09.23-19.13.35:868][  0]SourceControl: Info Source control is disabled
[2016.09.23-19.13.35:877][  0]SourceControl: Info Source control is disabled
[2016.09.23-19.13.36:131][  0]LogEngine: Initializing Engine...
[2016.09.23-19.13.36:132][  0]LogHMD: SteamVR failed to initialize.  Err: 110
[2016.09.23-19.13.36:133][  0]LogHMD: SteamVR failed to initialize.  Err: 110
[2016.09.23-19.13.36:351][  0]LogAIModule: Creating AISystem for world NewWorld
[2016.09.23-19.13.36:360][  0]LogInit: XAudio2 using 'Speakers / HP (IDT High Definition Audio CODEC)' : 2 channels at 48 kHz using 16 bits per sample (channel mask 0x3)
[2016.09.23-19.13.36:405][  0]LogInit: FAudioDevice initialized.
[2016.09.23-19.13.36:443][  0]LogDerivedDataCache: Saved boot cache 0.04s 48MB C:/Users/fullsail/AppData/Local/UnrealEngine/4.12/DerivedDataCache/Boot.ddc.
[2016.09.23-19.13.36:452][  0]LogInit: Texture streaming: Enabled
[2016.09.23-19.13.36:491][  0]LogInit: Transaction tracking system initialized
[2016.09.23-19.13.36:516][  0]BlueprintLog: New page: Editor Load
[2016.09.23-19.13.36:609][  0]LocalizationService: Info Localization service is disabled
[2016.09.23-19.13.36:958][  0]LogConsoleResponse:Display: 
[2016.09.23-19.13.37:301][  0]LogCook:Display: Max memory allowance for cook 8192mb
[2016.09.23-19.13.37:301][  0]LogCook:Display: Mobile HDR setting 1
[2016.09.23-19.13.37:427][  0]LogFileCache: Scanning file cache for directory 'F:/Projects/Horror/SurvivalGame 4.12/Content/' took 0.02s
[2016.09.23-19.13.37:428][  0]SourceControl: Info Source control is disabled
[2016.09.23-19.13.54:031][  0]Cmd: MAP LOAD FILE="../../../../../Projects/Horror/SurvivalGame 4.12/Content/ThirdPersonBP/Maps/ThirdPersonExampleMap.umap" TEMPLATE=0 SHOWPROGRESS=1 FEATURELEVEL=3
[2016.09.23-19.13.54:032][  0]LightingResults: New page: Lighting Build
[2016.09.23-19.13.54:035][  0]MapCheck: New page: Map Check
[2016.09.23-19.13.54:035][  0]LightingResults: New page: Lighting Build
[2016.09.23-19.13.56:635][  0]LogAIModule: Creating AISystem for world ThirdPersonExampleMap
[2016.09.23-19.13.56:747][  0]LogEditorServer: Finished looking for orphan Actors (0.000 secs)
[2016.09.23-19.13.56:755][  0]Cmd: MAP CHECKDEP NOCLEARLOG
[2016.09.23-19.13.56:807][  0]MapCheck: Info Map check complete: 0 Error(s), 0 Warning(s), took 51.99ms to complete.
[2016.09.23-19.13.56:807][  0]LogFileHelpers: Loading map 'ThirdPersonExampleMap' took 2.776
[2016.09.23-19.13.57:399][  0]LogStats:Warning: MetaData mismatch. Did you assign a stat to two groups? New //STATGROUP_Threads//SplashScreenThread///Thread_2334_0///####STATCAT_Advanced#### old //STATGROUP_Threads//SplashScreenThread///Thread_f18_0///####STATCAT_Advanced####
[2016.09.23-19.13.57:399][  0]LogCollectionManager: Loaded 0 collections in 0.012662 seconds
[2016.09.23-19.13.57:525][  0]LogFileCache: Scanning file cache for directory 'F:/Projects/Horror/SurvivalGame 4.12/Saved/Collections/' took 0.01s
[2016.09.23-19.13.57:525][  0]LogFileCache: Scanning file cache for directory 'F:/Projects/Horror/SurvivalGame 4.12/Content/Developers/fullsail/Collections/' took 0.01s
[2016.09.23-19.13.57:525][  0]LogFileCache: Scanning file cache for directory 'F:/Projects/Horror/SurvivalGame 4.12/Content/Collections/' took 0.01s
[2016.09.23-19.13.57:525][  0]LogCollectionManager: Rebuilt the GUID cache for 0 collections in 0.000004 seconds
[2016.09.23-19.13.57:539][  0]LogContentBrowser: Native class hierarchy populated in 0.0120 seconds. Added 2047 classes and 369 folders.
[2016.09.23-19.13.57:565][  0]LogStats: UGameplayTagsManager::ConstructGameplayTagTree: Construct from data asset -  0.000 s
[2016.09.23-19.13.57:565][  0]LogStats: UGameplayTagsManager::ConstructGameplayTagTree: GameplayTagTreeChangedEvent.Broadcast -  0.000 s
[2016.09.23-19.13.57:565][  0]LogContentBrowser: Native class hierarchy updated for 'GameplayTags' in 0.0006 seconds. Added 12 classes and 0 folders.
[2016.09.23-19.13.57:595][  0]LogContentBrowser: Native class hierarchy updated for 'WidgetCarousel' in 0.0005 seconds. Added 0 classes and 0 folders.
[2016.09.23-19.13.58:793][  0]LogContentBrowser: Native class hierarchy updated for 'AddContentDialog' in 0.0005 seconds. Added 0 classes and 0 folders.
[2016.09.23-19.13.58:839][  0]LogContentBrowser: Native class hierarchy updated for 'SceneOutliner' in 0.0005 seconds. Added 1 classes and 2 folders.
[2016.09.23-19.13.59:630][  0]LogCrashTracker: Crashtracker disabled due to settings.
[2016.09.23-19.13.59:723][  0]LogUObjectGlobals:Warning: Failed to find object 'Class None.'
[2016.09.23-19.13.59:760][  0]LogContentBrowser: Native class hierarchy updated for 'HierarchicalLODOutliner' in 0.0005 seconds. Added 1 classes and 2 folders.
[2016.09.23-19.13.59:760][  0]LogLoad: Full Startup: 826.43 seconds (BP compile: 0.36 seconds)
[2016.09.23-19.13.59:760][  0]LogExternalProfiler: Found external profiler: VSPerf
[2016.09.23-19.13.59:760][  0]LogExternalProfiler: Using external profiler: VSPerf
[2016.09.23-19.13.59:769][  0]LogOcInput: OculusInput pre-init called
[2016.09.23-19.13.59:873][  0]LogContentStreaming: Texture pool size now 200 MB
[2016.09.23-19.14.00:682][  0]LogRenderer: Reallocating scene render targets to support 1160x568 (Frame:2).
[2016.09.23-19.14.01:349][  3]LogAssetRegistry: Asset discovery search completed in 26.9376 seconds
[2016.09.23-19.14.01:350][  3]LogCollectionManager: Rebuilt the object cache for 0 collections in 0.000001 seconds (found 0 objects)
[2016.09.23-19.14.01:350][  3]LogCollectionManager: Fixed up redirectors for 0 collections in 0.000032 seconds (updated 0 objects)
[2016.09.23-19.14.05:824][102]LogContentBrowser: Native class hierarchy updated for 'BlueprintGraph' in 0.0011 seconds. Added 111 classes and 0 folders.
[2016.09.23-19.14.17:500][311]LogBlueprintUserMessages: Early PlayInEditor Detection: Level '/Game/ThirdPersonBP/Maps/ThirdPersonExampleMap.ThirdPersonExampleMap:PersistentLevel' has LevelScriptBlueprint '/Game/ThirdPersonBP/Maps/ThirdPersonExampleMap.ThirdPersonExampleMap:PersistentLevel.ThirdPersonExampleMap' with GeneratedClass '/Game/ThirdPersonBP/Maps/ThirdPersonExampleMap.ThirdPersonExampleMap_C' with ClassGeneratedBy '/Game/ThirdPersonBP/Maps/ThirdPersonExampleMap.ThirdPersonExampleMap:PersistentLevel.ThirdPersonExampleMap'
[2016.09.23-19.14.17:515][311]LogPlayLevel: PlayLevel: No blueprints needed recompiling
[2016.09.23-19.14.17:587][311]PIE: New page: PIE session: ThirdPersonExampleMap (Sep 23, 2016, 10:14:17 AM)
[2016.09.23-19.14.17:587][311]LogPlayLevel: Creating play world package: /Game/ThirdPersonBP/Maps/UEDPIE_0_ThirdPersonExampleMap
[2016.09.23-19.14.17:618][311]LogPlayLevel: PIE: StaticDuplicateObject took: (0.031228s)
[2016.09.23-19.14.17:620][311]LogAIModule: Creating AISystem for world ThirdPersonExampleMap
[2016.09.23-19.14.17:620][311]LogPlayLevel: PIE: World Init took: (0.001329s)
[2016.09.23-19.14.17:621][311]LogPlayLevel: PIE: Created PIE world by copying editor world from /Game/ThirdPersonBP/Maps/ThirdPersonExampleMap.ThirdPersonExampleMap to /Game/ThirdPersonBP/Maps/UEDPIE_0_ThirdPersonExampleMap.ThirdPersonExampleMap (0.034307s)
[2016.09.23-19.14.17:701][311]LogInit: XAudio2 using 'Speakers / HP (IDT High Definition Audio CODEC)' : 2 channels at 48 kHz using 16 bits per sample (channel mask 0x3)
[2016.09.23-19.14.17:720][311]LogInit: FAudioDevice initialized.
[2016.09.23-19.14.17:855][311]LogWorld: Game class is 'ThirdPersonGameMode_C'
[2016.09.23-19.14.17:913][311]LogWorld: Bringing World /Game/ThirdPersonBP/Maps/UEDPIE_0_ThirdPersonExampleMap.ThirdPersonExampleMap up for play (max tick rate 0) at 2016.09.23-15.14.17
[2016.09.23-19.14.17:939][311]LogWorld: Bringing up level for play took: 0.030373
[2016.09.23-19.14.18:015][311]LogContentBrowser: Native class hierarchy updated for 'MovieSceneCapture' in 0.0006 seconds. Added 11 classes and 0 folders.
[2016.09.23-19.14.18:045][311]PIE: Info Play in editor start time for /Game/ThirdPersonBP/Maps/UEDPIE_0_ThirdPersonExampleMap 0.657
[2016.09.23-19.14.18:045][311]LogBlueprintUserMessages: Late PlayInEditor Detection: Level '/Game/ThirdPersonBP/Maps/ThirdPersonExampleMap.ThirdPersonExampleMap:PersistentLevel' has LevelScriptBlueprint '/Game/ThirdPersonBP/Maps/ThirdPersonExampleMap.ThirdPersonExampleMap:PersistentLevel.ThirdPersonExampleMap' with GeneratedClass '/Game/ThirdPersonBP/Maps/ThirdPersonExampleMap.ThirdPersonExampleMap_C' with ClassGeneratedBy '/Game/ThirdPersonBP/Maps/ThirdPersonExampleMap.ThirdPersonExampleMap:PersistentLevel.ThirdPersonExampleMap'
[2016.09.23-19.14.35:081][983]LogBlueprintUserMessages: [BatteryPickup_134] 75
[2016.09.23-19.14.35:554][  3]LogBlueprintUserMessages: [ObjectiveChange_56] true
[2016.09.23-19.14.38:112][106]LogBlueprintUserMessages: [ThirdPersonCharacter_C_1] You Died!
[2016.09.23-19.14.46:179][429]LogBlueprintUserMessages: Early EndPlayMap Detection: Level '/Game/ThirdPersonBP/Maps/ThirdPersonExampleMap.ThirdPersonExampleMap:PersistentLevel' has LevelScriptBlueprint '/Game/ThirdPersonBP/Maps/ThirdPersonExampleMap.ThirdPersonExampleMap:PersistentLevel.ThirdPersonExampleMap' with GeneratedClass '/Game/ThirdPersonBP/Maps/ThirdPersonExampleMap.ThirdPersonExampleMap_C' with ClassGeneratedBy '/Game/ThirdPersonBP/Maps/ThirdPersonExampl