Log file open, 08/26/16 11:16:41
LogInit:Display: Running engine for game: SurvivalGame
LogPlatformFile: Not using cached read wrapper
LogInit:Display: RandInit(288210403) SRandInit(288210406).
LogTaskGraph: Started task graph with 4 named threads and 7 total threads with 1 sets of task threads.
LogStats: Stats thread started at 0.111738
LogInit: Version: 4.12.5-3039270+++UE4+Release-4.12
LogInit: API Version: 2992821
LogInit: Net Version: 3039270
LogDevObjectVersion: Number of dev versions registered: 13
LogDevObjectVersion:   Dev-Blueprints (B0D832E4-1F89-4F0D-ACCF-7EB736FD4AA2): 3
LogDevObjectVersion:   Dev-Build (E1C64328-A22C-4D53-A36C-8E866417BD8C): 0
LogDevObjectVersion:   Dev-Core (375EC13C-06E4-48FB-B500-84F0262A717E): 1
LogDevObjectVersion:   Dev-Editor (E4B068ED-F494-42E9-A231-DA0B2E46BB41): 2
LogDevObjectVersion:   Dev-Framework (CFFC743F-43B0-4480-9391-14DF171D2073): 6
LogDevObjectVersion:   Dev-Mobile (B02B49B5-BB20-44E9-A304-32B752E40360): 0
LogDevObjectVersion:   Dev-Networking (A4E4105C-59A1-49B5-A7C5-40C4547EDFEE): 0
LogDevObjectVersion:   Dev-Online (39C831C9-5AE6-47DC-9A44-9C173E1C8E7C): 0
LogDevObjectVersion:   Dev-Physics (78F01B33-EBEA-4F98-B9B4-84EACCB95AA2): 0
LogDevObjectVersion:   Dev-Platform (6631380F-2D4D-43E0-8009-CF276956A95A): 0
LogDevObjectVersion:   Dev-Rendering (12F88B9F-8875-4AFC-A67C-D90C383ABD29): 2
LogDevObjectVersion:   Dev-Sequencer (7B5AE74C-D270-4C10-A958-57980B212A5A): 0
LogDevObjectVersion:   Dev-VR (D7296918-1DD6-4BDD-9DE2-64A83CC13884): 0
LogInit: Compiled (64-bit): Jul  6 2016 09:09:46
LogInit: Compiled with Visual C++: 19.00.23026.00
LogInit: Build Configuration: Development
LogInit: Branch Name: ++UE4+Release-4.12
LogInit: Command line: -EpicPortal 
LogInit: Base directory: F:/Epic Games/4.12/Engine/Binaries/Win64/
LogInit: Installed Engine Build: 1
LogInit: Using libcurl 7.41.0
LogInit:  - built for x86_64-pc-win32
LogInit:  - supports SSL with WinSSL
LogInit:  - other features:
LogInit:      CURL_VERSION_SSL
LogInit:      CURL_VERSION_IPV6
LogInit:      CURL_VERSION_ASYNCHDNS
LogInit:      CURL_VERSION_LARGEFILE
LogInit:      CURL_VERSION_IDN
LogInit:  CurlRequestOptions (configurable via config and command line):
LogInit:  - bVerifyPeer = true  - Libcurl will verify peer certificate
LogInit:  - bUseHttpProxy = false  - Libcurl will NOT use HTTP proxy
LogInit:  - bDontReuseConnections = false  - Libcurl will reuse connections
LogInit:  - CertBundlePath = nullptr  - Libcurl will use whatever was configured at build time.
LogInit: Presizing for max 8388607 objects, including 0 objects not considered by GC, pre-allocating 0 bytes for permanent pool.
LogInit: Object subsystem initialized
[2016.08.26-15.16.41:254][  0]LogInit: Selected Device Profile: [Windows]
[2016.08.26-15.16.41:254][  0]LogInit: Applying CVar settings loaded from the selected device profile: [Windows]
[2016.08.26-15.16.41:301][  0]LogInit: Computer: ZEESHAN-PC
[2016.08.26-15.16.41:301][  0]LogInit: User: fullsail
[2016.08.26-15.16.41:301][  0]LogInit: CPU Page size=65536, Cores=4
[2016.08.26-15.16.41:301][  0]LogInit: High frequency timer resolution =2.338486 MHz
[2016.08.26-15.16.41:301][  0]LogMemory: Memory total: Physical=11.9GB (12GB approx)
[2016.08.26-15.16.41:301][  0]LogMemory: Platform Memory Stats for Windows
[2016.08.26-15.16.41:301][  0]LogMemory: Process Physical Memory: 191.77 MB used, 191.77 MB peak
[2016.08.26-15.16.41:301][  0]LogMemory: Process Virtual Memory: 196.94 MB used, 196.94 MB peak
[2016.08.26-15.16.41:301][  0]LogMemory: Physical Memory: 5936.16 MB used, 12219.55 MB total
[2016.08.26-15.16.41:301][  0]LogMemory: Virtual Memory: 519.33 MB used, 8388608.00 MB total
[2016.08.26-15.16.41:358][  0]LogTextLocalizationManager: No specific translations for ('en-US') exist, so ('en') translations will be used.
[2016.08.26-15.16.42:140][  0]LogD3D11RHI: D3D11 adapters:
[2016.08.26-15.16.42:200][  0]LogD3D11RHI:    0. 'AMD FirePro M4000' (Feature Level 11_0)
[2016.08.26-15.16.42:201][  0]LogD3D11RHI:       999/0/5853 MB DedicatedVideo/DedicatedSystem/SharedSystem, Outputs:1, VendorId:0x1002
[2016.08.26-15.16.42:201][  0]LogD3D11RHI: Chosen D3D11 Adapter: 0
[2016.08.26-15.16.42:218][  0]LogD3D11RHI: Creating new Direct3DDevice
[2016.08.26-15.16.42:218][  0]LogD3D11RHI:     GPU DeviceId: 0x682d (for the marketing name, search the web for "GPU Device Id")
[2016.08.26-15.16.42:218][  0]LogWindows: EnumDisplayDevices:
[2016.08.26-15.16.42:218][  0]LogWindows:    0. 'AMD FirePro M4000' (P:1 D:1)
[2016.08.26-15.16.42:219][  0]LogWindows:    1. 'AMD FirePro M4000' (P:0 D:0)
[2016.08.26-15.16.42:219][  0]LogWindows:    2. 'AMD FirePro M4000' (P:0 D:0)
[2016.08.26-15.16.42:220][  0]LogWindows:    3. 'AMD FirePro M4000' (P:0 D:0)
[2016.08.26-15.16.42:220][  0]LogWindows:    4. 'AMD FirePro M4000' (P:0 D:0)
[2016.08.26-15.16.42:221][  0]LogWindows:    5. 'AMD FirePro M4000' (P:0 D:0)
[2016.08.26-15.16.42:221][  0]LogWindows:    6. 'RDPDD Chained DD' (P:0 D:0)
[2016.08.26-15.16.42:221][  0]LogWindows:    7. 'RDP Encoder Mirror Driver' (P:0 D:0)
[2016.08.26-15.16.42:221][  0]LogWindows:    8. 'RDP Reflector Display Driver' (P:0 D:0)
[2016.08.26-15.16.42:222][  0]LogWindows: DebugString: GetVideoDriverDetailsInvalid PrimaryIsNotTheChoosenAdapter GetVideoDriverDetailsInvalid PrimaryIsNotTheChoosenAdapter GetVideoDriverDetailsInvalid PrimaryIsNotTheChoosenAdapter FoundDriverCount:6 
[2016.08.26-15.16.42:222][  0]LogD3D11RHI:     Adapter Name: AMD FirePro M4000
[2016.08.26-15.16.42:222][  0]LogD3D11RHI:   Driver Version: 8.951.6.2300 (internal:8.951.6.2300, unified:8.951.6.2300)
[2016.08.26-15.16.42:222][  0]LogD3D11RHI:      Driver Date: 10-22-2012
[2016.08.26-15.16.42:222][  0]LogRHI: Texture pool is 699 MB (70% of 999 MB)
[2016.08.26-15.16.42:264][  0]LogD3D11RHI: Async texture creation disabled: no driver support
[2016.08.26-15.16.42:281][  0]LogD3D11RHI: GPU Timing Frequency: 27.000000 (Debug: 2 1)
[2016.08.26-15.16.45:020][  0]LogShaderCompilers: Guid format shader working directory is 1 characters bigger than the processId version (../../../../../Projects/Horror/SurvivalGame 4.12/Intermediate/Shaders/WorkingDirectory/1176/).
[2016.08.26-15.16.45:021][  0]LogShaderCompilers: Cleaned the shader compiler working directory 'C:/Users/fullsail/AppData/Local/Temp/UnrealShaderWorkingDir/0084CBE64F1E6CA0222B56A6EF272874/'.
[2016.08.26-15.16.45:021][  0]LogShaderCompilers:Display: Using Local Shader Compiler.
[2016.08.26-15.16.47:216][  0]LogTemp:Display: Loaded TP AllDesktopTargetPlatform
[2016.08.26-15.16.47:239][  0]LogTemp:Display: Loaded TP WindowsClientTargetPlatform
[2016.08.26-15.16.47:266][  0]LogTemp:Display: Loaded TP WindowsNoEditorTargetPlatform
[2016.08.26-15.16.47:294][  0]LogTemp:Display: Loaded TP WindowsServerTargetPlatform
[2016.08.26-15.16.47:318][  0]LogTemp:Display: Loaded TP WindowsTargetPlatform
[2016.08.26-15.16.47:343][  0]LogTemp:Display: Loaded TP AndroidTargetPlatform
[2016.08.26-15.16.47:367][  0]LogTemp:Display: Loaded TP Android_ASTCTargetPlatform
[2016.08.26-15.16.47:387][  0]LogTemp:Display: Loaded TP Android_ATCTargetPlatform
[2016.08.26-15.16.47:407][  0]LogTemp:Display: Loaded TP Android_DXTTargetPlatform
[2016.08.26-15.16.47:428][  0]LogTemp:Display: Loaded TP Android_ETC1TargetPlatform
[2016.08.26-15.16.47:450][  0]LogTemp:Display: Loaded TP Android_ETC2TargetPlatform
[2016.08.26-15.16.47:489][  0]LogTemp:Display: Loaded TP Android_MultiTargetPlatform
[2016.08.26-15.16.47:489][  0]LogTemp:Display: Loaded TP Android_PVRTCTargetPlatform
[2016.08.26-15.16.47:491][  0]LogTemp:Display: Loaded TP HTML5TargetPlatform
[2016.08.26-15.16.47:529][  0]LogTemp:Display: Loaded TP IOSTargetPlatform
[2016.08.26-15.16.47:547][  0]LogTemp:Display: Loaded TP TVOSTargetPlatform
[2016.08.26-15.16.47:570][  0]LogTemp:Display: Loaded TP LinuxNoEditorTargetPlatform
[2016.08.26-15.16.47:596][  0]LogTemp:Display: Loaded TP LinuxServerTargetPlatform
[2016.08.26-15.16.47:619][  0]LogTemp:Display: Loaded TP LinuxTargetPlatform
[2016.08.26-15.16.47:619][  0]LogTargetPlatformManager:Display: Building Assets For Windows
[2016.08.26-15.16.47:770][  0]LogDerivedDataCache:Display: Max Cache Size: 512 MB
[2016.08.26-15.16.47:866][  0]LogDerivedDataCache: Loaded boot cache 0.10s 48MB C:/Users/fullsail/AppData/Local/UnrealEngine/4.12/DerivedDataCache/Boot.ddc.
[2016.08.26-15.16.47:867][  0]LogDerivedDataCache:Display: Loaded Boot cache: C:/Users/fullsail/AppData/Local/UnrealEngine/4.12/DerivedDataCache/Boot.ddc
[2016.08.26-15.16.47:867][  0]LogDerivedDataCache: FDerivedDataBackendGraph:  Pak pak cache file ../../../../../Projects/Horror/SurvivalGame 4.12/DerivedDataCache/DDC.ddp not found, will not use a pak cache.
[2016.08.26-15.16.47:867][  0]LogDerivedDataCache: Unable to find inner node Pak for hierarchical cache Hierarchy.
[2016.08.26-15.16.47:867][  0]LogDerivedDataCache: FDerivedDataBackendGraph:  CompressedPak pak cache file ../../../../../Projects/Horror/SurvivalGame 4.12/DerivedDataCache/Compressed.ddp not found, will not use a pak cache.
[2016.08.26-15.16.47:867][  0]LogDerivedDataCache: Unable to find inner node CompressedPak for hierarchical cache Hierarchy.
[2016.08.26-15.16.47:912][  0]LogDerivedDataCache:Display: Pak cache opened for reading ../../../Engine/DerivedDataCache/Compressed.ddp.
[2016.08.26-15.16.47:925][  0]LogDerivedDataCache: Using Local data cache path C:/Users/fullsail/AppData/Local/UnrealEngine/Common/DerivedDataCache: Writable
[2016.08.26-15.16.48:385][  0]LogInit: Selected Device Profile: [Windows]
[2016.08.26-15.16.48:386][  0]LogContentStreaming: Texture pool size is 0.00 MB
[2016.08.26-15.16.48:827][  0]LogMeshUtilities: No automatic mesh reduction module available
[2016.08.26-15.16.48:827][  0]LogMeshUtilities: No automatic mesh merging module available
[2016.08.26-15.16.48:827][  0]LogMeshUtilities: No distributed automatic mesh merging module available
[2016.08.26-15.16.49:361][  0]LogAssetRegistry: FAssetRegistry took 0.0202 seconds to start up
[2016.08.26-15.16.49:429][  0]LogPackageLocalizationCache: Processed 3 localized package path(s) for 2 prioritized culture(s) in 0.062011 seconds
[2016.08.26-15.16.49:441][  0]LogUObjectArray: 28739 objects as part of root set at end of initial load.
[2016.08.26-15.16.49:441][  0]LogUObjectAllocator: 5855624 out of 0 bytes used by permanent object pool.
[2016.08.26-15.16.49:441][  0]LogUObjectArray: CloseDisregardForGC: 0/0 objects in disregard for GC pool
[2016.08.26-15.16.49:456][  0]LogInit: WinSock: version 1.1 (2.2), MaxSocks=32767, MaxUdp=65467
[2016.08.26-15.16.49:881][  0]LogSlate: SlateFontCache - WITH_FREETYPE: 1, WITH_HARFBUZZ: 1
[2016.08.26-15.16.49:881][  0]LogSlate: SlateFontCache - WITH_FREETYPE: 1, WITH_HARFBUZZ: 1
[2016.08.26-15.16.51:500][  0]LogUdpMessaging: Initializing bridge on interface 0.0.0.0:0 to multicast group 230.0.0.1:6666.
[2016.08.26-15.16.51:974][  0]SourceControl: Info Source control is disabled
[2016.08.26-15.16.51:991][  0]SourceControl: Info Source control is disabled
[2016.08.26-15.16.52:007][  0]SourceControl: Info Source control is disabled
[2016.08.26-15.16.52:022][  0]SourceControl: Info Source control is disabled
[2016.08.26-15.16.52:451][  0]LogEngine: Initializing Engine...
[2016.08.26-15.16.52:453][  0]LogHMD: SteamVR failed to initialize.  Err: 110
[2016.08.26-15.16.52:454][  0]LogHMD: SteamVR failed to initialize.  Err: 110
[2016.08.26-15.16.52:834][  0]LogAIModule: Creating AISystem for world NewWorld
[2016.08.26-15.16.52:851][  0]LogInit: XAudio2 using 'Speakers / HP (IDT High Definition Audio CODEC)' : 2 channels at 48 kHz using 16 bits per sample (channel mask 0x3)
[2016.08.26-15.16.52:891][  0]LogInit: FAudioDevice initialized.
[2016.08.26-15.16.52:943][  0]LogDerivedDataCache: Saved boot cache 0.05s 48MB C:/Users/fullsail/AppData/Local/UnrealEngine/4.12/DerivedDataCache/Boot.ddc.
[2016.08.26-15.16.52:956][  0]LogInit: Texture streaming: Enabled
[2016.08.26-15.16.53:021][  0]LogInit: Transaction tracking system initialized
[2016.08.26-15.16.53:066][  0]BlueprintLog: New page: Editor Load
[2016.08.26-15.16.53:213][  0]LocalizationService: Info Localization service is disabled
[2016.08.26-15.16.53:825][  0]LogConsoleResponse:Display: 
[2016.08.26-15.16.54:195][  0]LogCook:Display: Max memory allowance for cook 8192mb
[2016.08.26-15.16.54:195][  0]LogCook:Display: Mobile HDR setting 1
[2016.08.26-15.16.54:383][  0]LogFileCache: Scanning file cache for directory 'F:/Projects/Horror/SurvivalGame 4.12/Content/' took 0.02s
[2016.08.26-15.16.54:383][  0]SourceControl: Info Source control is disabled
[2016.08.26-15.16.54:383][  0]Cmd: MAP LOAD FILE="../../../../../Projects/Horror/SurvivalGame 4.12/Content/ThirdPersonBP/Maps/ThirdPersonExampleMap.umap" TEMPLATE=0 SHOWPROGRESS=1 FEATURELEVEL=3
[2016.08.26-15.16.54:428][  0]LightingResults: New page: Lighting Build
[2016.08.26-15.16.54:433][  0]MapCheck: New page: Map Check
[2016.08.26-15.16.54:433][  0]LightingResults: New page: Lighting Build
[2016.08.26-15.16.58:559][  0]LogAIModule: Creating AISystem for world ThirdPersonExampleMap
[2016.08.26-15.16.58:715][  0]LogEditorServer: Finished looking for orphan Actors (0.000 secs)
[2016.08.26-15.16.58:729][  0]Cmd: MAP CHECKDEP NOCLEARLOG
[2016.08.26-15.16.58:823][  0]MapCheck: Info Map check complete: 0 Error(s), 0 Warning(s), took 94.625ms to complete.
[2016.08.26-15.16.58:823][  0]LogFileHelpers: Loading map 'ThirdPersonExampleMap' took 4.440
[2016.08.26-15.16.59:639][  0]LogCollectionManager: Loaded 0 collections in 0.018491 seconds
[2016.08.26-15.16.59:773][  0]LogFileCache: Scanning file cache for directory 'F:/Projects/Horror/SurvivalGame 4.12/Saved/Collections/' took 0.01s
[2016.08.26-15.16.59:774][  0]LogFileCache: Scanning file cache for directory 'F:/Projects/Horror/SurvivalGame 4.12/Content/Developers/fullsail/Collections/' took 0.01s
[2016.08.26-15.16.59:774][  0]LogFileCache: Scanning file cache for directory 'F:/Projects/Horror/SurvivalGame 4.12/Content/Collections/' took 0.01s
[2016.08.26-15.16.59:774][  0]LogCollectionManager: Rebuilt the GUID cache for 0 collections in 0.000006 seconds
[2016.08.26-15.16.59:801][  0]LogContentBrowser: Native class hierarchy populated in 0.0248 seconds. Added 2047 classes and 369 folders.
[2016.08.26-15.16.59:832][  0]LogStats: UGameplayTagsManager::ConstructGameplayTagTree: Construct from data asset -  0.000 s
[2016.08.26-15.16.59:832][  0]LogStats: UGameplayTagsManager::ConstructGameplayTagTree: GameplayTagTreeChangedEvent.Broadcast -  0.000 s
[2016.08.26-15.16.59:834][  0]LogContentBrowser: Native class hierarchy updated for 'GameplayTags' in 0.0012 seconds. Added 12 classes and 0 folders.
[2016.08.26-15.16.59:864][  0]LogContentBrowser: Native class hierarchy updated for 'WidgetCarousel' in 0.0009 seconds. Added 0 classes and 0 folders.
[2016.08.26-15.17.01:328][  0]LogContentBrowser: Native class hierarchy updated for 'AddContentDialog' in 0.0010 seconds. Added 0 classes and 0 folders.
[2016.08.26-15.17.01:389][  0]LogContentBrowser: Native class hierarchy updated for 'SceneOutliner' in 0.0011 seconds. Added 1 classes and 2 folders.
[2016.08.26-15.17.02:291][  0]LogCrashTracker: Crashtracker disabled due to settings.
[2016.08.26-15.17.02:396][  0]LogUObjectGlobals:Warning: Failed to find object 'Class None.'
[2016.08.26-15.17.02:439][  0]LogContentBrowser: Native class hierarchy updated for 'HierarchicalLODOutliner' in 0.0011 seconds. Added 1 classes and 2 folders.
[2016.08.26-15.17.02:439][  0]LogLoad: Full Startup: 23.06 seconds (BP compile: 0.59 seconds)
[2016.08.26-15.17.02:440][  0]LogExternalProfiler: Found external profiler: VSPerf
[2016.08.26-15.17.02:440][  0]LogExternalProfiler: Using external profiler: VSPerf
[2016.08.26-15.17.02:779][  0]LogOcInput: OculusInput pre-init called
[2016.08.26-15.17.02:930][  0]LogContentStreaming: Texture pool size now 200 MB
[2016.08.26-15.17.03:932][  0]LogRenderer: Reallocating scene render targets to support 1160x568 (Frame:2).
[2016.08.26-15.17.05:440][  4]LogAssetRegistry: Asset discovery search completed in 16.0992 seconds
[2016.08.26-15.17.05:440][  4]LogCollectionManager: Rebuilt the object cache for 0 collections in 0.000002 seconds (found 0 objects)
[2016.08.26-15.17.05:440][  4]LogCollectionManager: Fixed up redirectors for 0 collections in 0.000061 seconds (updated 0 objects)
[2016.08.26-16.27.41:295][860]LogBlueprintUserMessages: Early PlayInEditor Detection: Level '/Game/ThirdPersonBP/Maps/ThirdPersonExampleMap.ThirdPersonExampleMap:PersistentLevel' has LevelScriptBlueprint '/Game/ThirdPersonBP/Maps/ThirdPersonExampleMap.ThirdPersonExampleMap:PersistentLevel.ThirdPersonExampleMap' with GeneratedClass '/Game/ThirdPersonBP/Maps/ThirdPersonExampleMap.ThirdPersonExampleMap_C' with ClassGeneratedBy '/Game/ThirdPersonBP/Maps/ThirdPersonExampleMap.ThirdPersonExampleMap:PersistentLevel.ThirdPersonExampleMap'
[2016.08.26-16.27.41:336][860]LogPlayLevel: PlayLevel: No blueprints needed recompiling
[2016.08.26-16.27.41:421][860]PIE: New page: PIE session: ThirdPersonExampleMap (Aug 26, 2016, 7:27:41 AM)
[2016.08.26-16.27.41:422][860]LogPlayLevel: Creating play world package: /Game/ThirdPersonBP/Maps/UEDPIE_0_ThirdPersonExampleMap
[2016.08.26-16.27.41:462][860]LogPlayLevel: PIE: StaticDuplicateObject took: (0.040392s)
[2016.08.26-16.27.41:463][860]LogAIModule: Creating AISystem for world ThirdPersonExampleMap
[2016.08.26-16.27.41:463][860]LogPlayLevel: PIE: World Init took: (0.001212s)
[2016.08.26-16.27.41:464][860]LogPlayLevel: PIE: Created PIE world by copying editor world from /Game/ThirdPersonBP/Maps/ThirdPersonExampleMap.ThirdPersonExampleMap to /Game/ThirdPersonBP/Maps/UEDPIE_0_ThirdPersonExampleMap.ThirdPersonExampleMap (0.042035s)
[2016.08.26-16.27.41:531][860]LogInit: XAudio2 using 'Speakers / HP (IDT High Definition Audio CODEC)' : 2 channels at 48 kHz using 16 bits per sample (channel mask 0x3)
[2016.08.26-16.27.41:560][860]LogInit: FAudioDevice initialized.
[2016.08.26-16.27.41:726][860]LogWorld: Game class is 'ThirdPersonGameMode_C'
[2016.08.26-16.27.41:786][860]LogWorld: Bringing World /Game/ThirdPersonBP/Maps/UEDPIE_0_ThirdPersonExampleMap.ThirdPersonExampleMap up for play (max tick rate 0) at 2016.08.26-12.27.41
[2016.08.26-16.27.41:813][860]LogWorld: Bringing up level for play took: 0.033996
[2016.08.26-16.27.41:903][860]LogContentBrowser: Native class hierarchy updated for 'MovieSceneCapture' in 0.0009 seconds. Added 11 classes and 0 folders.
[2016.08.26-16.27.41:948][860]PIE: Info Play in editor start time for /Game/ThirdPersonBP/Maps/UEDPIE_0_ThirdPersonExampleMap 0.307
[2016.08.26-16.27.41:949][860]LogBlueprintUserMessages: Late PlayInEditor Detection: Level '/Game/ThirdPersonBP/Maps/ThirdPersonExampleMap.ThirdPersonExampleMap:PersistentLevel' has LevelScriptBlueprint '/Game/ThirdPersonBP/Maps/ThirdPersonExampleMap.ThirdPersonExampleMap:PersistentLevel.ThirdPersonExampleMap' with GeneratedClass '/Game/ThirdPersonBP/Maps/ThirdPersonExampleMap.ThirdPersonExampleMap_C' with ClassGeneratedBy '/Game/ThirdPersonBP/Maps/ThirdPersonExampleMap.ThirdPersonExampleMap:PersistentLevel.ThirdPersonExampleMap'
[2016.08.26-16.27.44:418][ 19]LogBlueprintUserMessages: [ObjectiveChange_56] true
[2016.08.26-16.27.46:595][177]LogBlueprintUserMessages: [BatteryPickup_134] 75
[2016.08.26-16.28.00:896][503]LogBlueprintUserMessages: [ThirdPersonCharacter_C_1] Hello
[2016.08.26-16.28.01:428][554]LogBlueprintUserMessages: [ThirdPersonCharacter_C_1] bye
[2016.08.26-16.28.05:090][910]LogBlueprintUserMessages: [ThirdPersonCharacter_C_1] Hello
[2016.08.26-16.28.05:508][947]LogBlueprintUserMessages: [ThirdPersonCharacter_C_1] bye
[2016.08.26-16.28.06:504][ 44]LogBlueprintUserMessages: [ObjectiveChange_56] true
[2016.08.26-16.28.17:116][ 98]LogBlueprintUserMessages: Early EndPlayMap Detection: Level '/Game/ThirdPersonBP/Maps/ThirdPersonExampleMap.ThirdPersonExampleMap:PersistentLevel' has LevelScriptBlueprint '/Game/ThirdPersonBP/Maps/ThirdPersonExampleMap.ThirdPersonExampleMap:PersistentLevel.ThirdPersonExampleMap' with GeneratedClass '/Game/ThirdPersonBP/Maps/ThirdPersonExampleMap.ThirdPersonExampleMap_C' with ClassGeneratedBy '/Game/ThirdPersonBP/Maps/ThirdPersonExampleMap.ThirdPersonExampleMap:PersistentLevel.ThirdPersonExampleMap'
[2016.08.26-16.28.17:232][ 98]LogBlueprintUserMessages: Late EndPlayMap Detection: Level '/Game/ThirdPersonBP/Maps/ThirdPersonExampleMap.ThirdPersonExampleMap:PersistentLevel' has LevelScriptBlueprint '/Game/ThirdPersonBP/Maps/ThirdPersonExampleMap.ThirdPersonExampleMap:PersistentLevel.ThirdPersonExampleMap' with GeneratedClass '/Game/ThirdPersonBP/Maps/ThirdPersonExampleMap.ThirdPersonExampleMap_C' with ClassGeneratedBy '/Game/ThirdPersonBP/Maps/ThirdPersonExampleMap.ThirdPersonExampleMap:PersistentLevel.ThirdPersonExampleMap'
[2016.08.26-18.53.17:782][685]LogContentBrowser: Native class hierarchy updated for 'BlueprintGraph' in 0.0014 seconds. Added 111 classes and 0 folders.
[2016.08.26-18.54.30:711][421]LogFileHelpers: Editor autosave (incl. sublevels) for '/Game/ThirdPersonBP/Maps/ThirdPersonExampleMap' took 0.089
[2016.08.26-18.54.30:732][421]OBJ SavePackage: Generating thumbnails for [1] asset(s) in package [/Game/ThirdPersonBP/Blueprints/ThirdPersonCharacter] ([1] browsable assets)...
[2016.08.26-18.54.30:764][421]OBJ SavePackage:     Rendered thumbnail for [Blueprint /Game/ThirdPersonBP/Blueprints/ThirdPersonCharacter.ThirdPersonCharacter]
[2016.08.26-18.54.30:764][421]OBJ SavePackage: Finished generating thumbnails for package [/Game/ThirdPersonBP/Blueprints/ThirdPersonCharacter]
[2016.08.26-18.54.31:130][421]LogSavePackage: Save=294.65ms
[2016.08.26-18.54.31:130][421]LogSavePackage: Moving '../../../../../Projects/Horror/SurvivalGame 4.12/Saved/ThirdPersonCharacter_Auto1034BFD014E5F46CBAB3F04918644C6DC.tmp' to '../../../../../Projects/Horror/SurvivalGame 4.12/Saved/Autosaves/Game/ThirdPersonBP/Blueprints/ThirdPersonCharacter_Auto1.uasset'
[2016.08.26-18.54.31:138][421]LogSavePackage:Display: Finished SavePackage ../../../../../Projects/Horror/SurvivalGame 4.12/Saved/Autosaves/Game/ThirdPersonBP/Blueprints/ThirdPersonCharacter_Auto1.uasset
[2016.08.26-18.54.31:138][421]LogFileHelpers: Auto-saving content packages took 0.418
[2016.08.26-18.58.07:308][479]LogEditorViewport: Clicking on Actor (context menu): StaticMeshActor (Floor)
[2016.08.26-18.58.22:711][339]LogBlueprintUserMessages: Early PlayInEditor Detection: Level '/Game/ThirdPersonBP/Maps/ThirdPersonExampleMap.ThirdPersonExampleMap:PersistentLevel' has LevelScriptBlueprint '/Game/ThirdPersonBP/Maps/ThirdPersonExampleMap.ThirdPersonExampleMap:PersistentLevel.ThirdPersonExampleMap' with GeneratedClass '/Game/ThirdPersonBP/Maps/ThirdPersonExampleMap.ThirdPersonExampleMap_C' with ClassGeneratedBy '/Game/ThirdPersonBP/Maps/ThirdPersonExampleMap.ThirdPersonExampleMap:PersistentLevel.ThirdPersonExampleMap'
[2016.08.26-18.58.22:711][339]BlueprintLog: New page: Pre-Play auto-recompile
[2016.08.26-18.58.22:773][339]LogPlayLevel: [PlayLevel] Compiling ThirdPersonCharacter before play...
[2016.08.26-18.58.23:033][339]LogPlayLevel: PlayLevel: Blueprint regeneration took 322 ms (6 blueprints)
[2016.08.26-18.58.23:034][339]LogPlayLevel: [PlayLevel] Compiling BatteryPickup before play...
[2016.08.26-18.58.23:120][339]LogPlayLevel: PlayLevel: Blueprint regeneration took 409 ms (6 blueprints)
[2016.08.26-18.58.23:120][339]LogPlayLevel: [PlayLevel] Compiling MajorHungerPickup before play...
[2016.08.26-18.58.23:203][339]LogPlayLevel: PlayLevel: Blueprint regeneration took 492 ms (6 blueprints)
[2016.08.26-18.58.23:203][339]LogPlayLevel: [PlayLevel] Compiling MinorHungerPickup before play...
[2016.08.26-18.58.23:284][339]LogPlayLevel: PlayLevel: Blueprint regeneration took 573 ms (6 blueprints)
[2016.08.26-18.58.23:285][339]LogPlayLevel: [PlayLevel] Compiling ObjectiveChange before play...
[2016.08.26-18.58.23:380][339]LogPlayLevel: PlayLevel: Blueprint regeneration took 669 ms (6 blueprints)
[2016.08.26-18.58.23:382][339]LogPlayLevel: [PlayLevel] Compiling SurvivalHUD before play...
[2016.08.26-18.58.23:492][339]LogPlayLevel: PlayLevel: Blueprint regeneration took 781 ms (6 blueprints)
[2016.08.26-18.58.23:524][339]PIE: New page: PIE session: ThirdPersonExampleMap (Aug 26, 2016, 9:58:23 AM)
[2016.08.26-18.58.23:524][339]LogPlayLevel: Creating play world package: /Game/ThirdPersonBP/Maps/UEDPIE_0_ThirdPersonExampleMap
[2016.08.26-18.58.23:547][339]LogPlayLevel: PIE: StaticDuplicateObject took: (0.022407s)
[2016.08.26-18.58.23:548][339]LogAIModule: Creating AISystem for world ThirdPersonExampleMap
[2016.08.26-18.58.23:548][339]LogPlayLevel: PIE: World Init took: (0.001129s)
[2016.08.26-18.58.23:548][339]LogPlayLevel: PIE: Created PIE world by copying editor world from /Game/ThirdPersonBP/Maps/ThirdPersonExampleMap.ThirdPersonExampleMap to /Game/ThirdPersonBP/Maps/UEDPIE_0_ThirdPersonExampleMap.ThirdPersonExampleMap (0.023912s)
[2016.08.26-18.58.23:572][339]LogInit: XAudio2 using 'Speakers / HP (IDT High Definition Audio CODEC)' : 2 channels at 48 kHz using 16 bits per sample (channel mask 0x3)
[2016.08.26-18.58.23:591][339]LogInit: FAudioDevice initialized.
[2016.08.26-18.58.23:634][339]LogWorld: Game class is 'ThirdPersonGameMode_C'
[2016.08.26-18.58.23:640][339]LogWorld: Bringing World /Game/ThirdPersonBP/Maps/UEDPIE_0_ThirdPersonExampleMap.ThirdPersonExampleMap up for play (max tick rate 60) at 2016.08.26-14.58.23
[2016.08.26-18.58.23:640][339]LogWorld: Bringing up level for play took: 0.004938
[2016.08.26-18.58.23:642][339]PIE: Info Play in editor start time for /Game/ThirdPersonBP/Maps/UEDPIE_0_ThirdPersonExampleMap 1.817
[2016.08.26-18.58.23:643][339]LogBlueprintUserMessages: Late PlayInEditor Detection: Level '/Game/ThirdPersonBP/Maps/ThirdPersonExampleMap.ThirdPersonExampleMap:PersistentLevel' has LevelScriptBlueprint '/Game/ThirdPersonBP/Maps/ThirdPersonExampleMap.ThirdPersonExampleMap:PersistentLevel.ThirdPersonExampleMap' with GeneratedClass '/Game/ThirdPersonBP/Maps/ThirdPersonExampleMap.ThirdPersonExampleMap_C' with ClassGeneratedBy '/Game/ThirdPersonBP/Maps/ThirdPersonExampleMap.ThirdPersonExampleMap:PersistentLevel.ThirdPersonExampleMap'
[2016.08.26-18.58.27:159][544]LogBlueprintUserMessages: [BatteryPickup_134] 75
[2016.08.26-18.58.38:725][238]LogBlueprintUserMessages: Early EndPlayMap Detection: Level '/Game/ThirdPersonBP/Maps/ThirdPersonExampleMap.ThirdPersonExampleMap:PersistentLevel' has LevelScriptBlueprint '/Game/ThirdPersonBP/Maps/ThirdPersonExampleMap.ThirdPersonExampleMap:PersistentLevel.ThirdPersonExampleMap' with GeneratedClass '/Game/ThirdPersonBP/Maps/ThirdPersonExampleMap.ThirdPersonExampleMap_C' with ClassGeneratedBy '/Game/ThirdPersonBP/Maps/ThirdPersonExampleMap.ThirdPersonExampleMap:PersistentLevel.ThirdPersonExampleMap'
[2016.08.26-18.58.38:822][238]LogBlueprintUserMessages: Late EndPlayMap Detection: Level '/Game/ThirdPersonBP/Maps/ThirdPersonExampleMap.ThirdPersonExampleMap:PersistentLevel' has LevelScriptBlueprint '/Game/ThirdPersonBP/Maps/ThirdPersonExampleMap.ThirdPersonExampleMap:PersistentLevel.ThirdPersonExampleMap' with GeneratedClass '/Game/ThirdPersonBP/Maps/ThirdPersonExampleMap.ThirdPersonExampleMap_C' with ClassGeneratedBy '/Game/ThirdPersonBP/Maps/ThirdPersonExampleMap.ThirdPersonExampleMap:PersistentLevel.ThirdPersonExampleMap'
[2016.08.26-19.04.55:519][335]LogSavePackage: Save=7163.45ms
[2016.08.26-19.04.55:519][335]LogSavePackage: Moving '../../../../../Projects/Horror/SurvivalGame 4.12/Saved/ThirdPersonExampleMap_Auto251C3AC034FE3EF36E4B4D2BCAFCE293D.tmp' to '../../../../../Projects/Horror/SurvivalGame 4.12/Saved/Autosaves/Game/ThirdPersonBP/Maps/ThirdPersonExampleMap_Auto2.umap'
[2016.08.26-19.04.55:520][335]LogSavePackage:Display: Finished SavePackage ../../../../../Projects/Horror/SurvivalGame 4.12/Saved/Autosaves/Game/ThirdPersonBP/Maps/ThirdPersonExampleMap_Auto2.umap
[2016.08.26-19.04.55:525][335]LogFileHelpers: Editor autosave (incl. sublevels) for '/Game/ThirdPersonBP/Maps/ThirdPersonExampleMap' took 7.761
[2016.08.26-19.04.55:525][335]LogFileHelpers: Editor autosave (incl. sublevels) for all levels took 7.761
[2016.08.26-19.04.55:527][335]OBJ SavePackage: Generating thumbnails for [1] asset(s) in package [/Game/ThirdPersonBP/Blueprints/ThirdPersonCharacter] ([1] browsable assets)...
[2016.08.26-19.04.55:563][335]OBJ SavePackage:     Rendered thumbnail for [Blueprint /Game/ThirdPersonBP/Blueprints/ThirdPers